androidTijzi/build/intermediates/manifest_merge_blame_file/release/processReleaseMainManifest/manifest-merger-blame-release-report.txt
1<?xml version="1.0" encoding="utf-8"?>
2<manifest xmlns:android="http://schemas.android.com/apk/res/android"
3    package="com.parceros.tijzi.android"
4    android:versionCode="1"
5    android:versionName="1.0" >
6
7    <uses-sdk
8        android:minSdkVersion="28"
9        android:targetSdkVersion="35" />
10
11    <permission
11-->[androidx.core:core:1.13.1] AndroidManifest.xml:22:5-24:47
12        android:name="com.parceros.tijzi.android.DYNAMIC_RECEIVER_NOT_EXPORTED_PERMISSION"
12-->[androidx.core:core:1.13.1] AndroidManifest.xml:23:9-81
13        android:protectionLevel="signature" />
13-->[androidx.core:core:1.13.1] AndroidManifest.xml:24:9-44
14
15    <uses-permission android:name="com.parceros.tijzi.android.DYNAMIC_RECEIVER_NOT_EXPORTED_PERMISSION" />
15-->[androidx.core:core:1.13.1] AndroidManifest.xml:26:5-97
15-->[androidx.core:core:1.13.1] AndroidManifest.xml:26:22-94
16
17    <application
17-->src/main/AndroidManifest.xml:4:5-16:19
18        android:allowBackup="false"
18-->src/main/AndroidManifest.xml:5:9-36
19        android:appComponentFactory="androidx.core.app.CoreComponentFactory"
19-->[androidx.core:core:1.13.1] AndroidManifest.xml:28:18-86
20        android:extractNativeLibs="false"
21        android:supportsRtl="true"
21-->src/main/AndroidManifest.xml:6:9-35
22        android:theme="@style/AppTheme" >
22-->src/main/AndroidManifest.xml:7:9-40
23        <activity
23-->src/main/AndroidManifest.xml:8:9-15:20
24            android:name="com.parceros.tijzi.android.MainActivity"
24-->src/main/AndroidManifest.xml:9:13-41
25            android:exported="true" >
25-->src/main/AndroidManifest.xml:10:13-36
26            <intent-filter>
26-->src/main/AndroidManifest.xml:11:13-14:29
27                <action android:name="android.intent.action.MAIN" />
27-->src/main/AndroidManifest.xml:12:17-69
27-->src/main/AndroidManifest.xml:12:25-66
28
29                <category android:name="android.intent.category.LAUNCHER" />
29-->src/main/AndroidManifest.xml:13:17-77
29-->src/main/AndroidManifest.xml:13:27-74
30            </intent-filter>
31        </activity>
32        <activity
32-->[com.google.android.gms:play-services-base:18.1.0] AndroidManifest.xml:20:9-22:45
33            android:name="com.google.android.gms.common.api.GoogleApiActivity"
33-->[com.google.android.gms:play-services-base:18.1.0] AndroidManifest.xml:20:19-85
34            android:exported="false"
34-->[com.google.android.gms:play-services-base:18.1.0] AndroidManifest.xml:22:19-43
35            android:theme="@android:style/Theme.Translucent.NoTitleBar" />
35-->[com.google.android.gms:play-services-base:18.1.0] AndroidManifest.xml:21:19-78
36
37        <meta-data
37-->[com.google.android.gms:play-services-basement:18.1.0] AndroidManifest.xml:21:9-23:69
38            android:name="com.google.android.gms.version"
38-->[com.google.android.gms:play-services-basement:18.1.0] AndroidManifest.xml:22:13-58
39            android:value="@integer/google_play_services_version" />
39-->[com.google.android.gms:play-services-basement:18.1.0] AndroidManifest.xml:23:13-66
40
41        <provider
41-->[androidx.emoji2:emoji2:1.3.0] AndroidManifest.xml:24:9-32:20
42            android:name="androidx.startup.InitializationProvider"
42-->[androidx.emoji2:emoji2:1.3.0] AndroidManifest.xml:25:13-67
43            android:authorities="com.parceros.tijzi.android.androidx-startup"
43-->[androidx.emoji2:emoji2:1.3.0] AndroidManifest.xml:26:13-68
44            android:exported="false" >
44-->[androidx.emoji2:emoji2:1.3.0] AndroidManifest.xml:27:13-37
45            <meta-data
45-->[androidx.emoji2:emoji2:1.3.0] AndroidManifest.xml:29:13-31:52
46                android:name="androidx.emoji2.text.EmojiCompatInitializer"
46-->[androidx.emoji2:emoji2:1.3.0] AndroidManifest.xml:30:17-75
47                android:value="androidx.startup" />
47-->[androidx.emoji2:emoji2:1.3.0] AndroidManifest.xml:31:17-49
48            <meta-data
48-->[androidx.lifecycle:lifecycle-process:2.8.6] AndroidManifest.xml:29:13-31:52
49                android:name="androidx.lifecycle.ProcessLifecycleInitializer"
49-->[androidx.lifecycle:lifecycle-process:2.8.6] AndroidManifest.xml:30:17-78
50                android:value="androidx.startup" />
50-->[androidx.lifecycle:lifecycle-process:2.8.6] AndroidManifest.xml:31:17-49
51            <meta-data
51-->[androidx.profileinstaller:profileinstaller:1.4.0] AndroidManifest.xml:29:13-31:52
52                android:name="androidx.profileinstaller.ProfileInstallerInitializer"
52-->[androidx.profileinstaller:profileinstaller:1.4.0] AndroidManifest.xml:30:17-85
53                android:value="androidx.startup" />
53-->[androidx.profileinstaller:profileinstaller:1.4.0] AndroidManifest.xml:31:17-49
54        </provider>
55
56        <receiver
56-->[androidx.profileinstaller:profileinstaller:1.4.0] AndroidManifest.xml:34:9-52:20
57            android:name="androidx.profileinstaller.ProfileInstallReceiver"
57-->[androidx.profileinstaller:profileinstaller:1.4.0] AndroidManifest.xml:35:13-76
58            android:directBootAware="false"
58-->[androidx.profileinstaller:profileinstaller:1.4.0] AndroidManifest.xml:36:13-44
59            android:enabled="true"
59-->[androidx.profileinstaller:profileinstaller:1.4.0] AndroidManifest.xml:37:13-35
60            android:exported="true"
60-->[androidx.profileinstaller:profileinstaller:1.4.0] AndroidManifest.xml:38:13-36
61            android:permission="android.permission.DUMP" >
61-->[androidx.profileinstaller:profileinstaller:1.4.0] AndroidManifest.xml:39:13-57
62            <intent-filter>
62-->[androidx.profileinstaller:profileinstaller:1.4.0] AndroidManifest.xml:40:13-42:29
63                <action android:name="androidx.profileinstaller.action.INSTALL_PROFILE" />
63-->[androidx.profileinstaller:profileinstaller:1.4.0] AndroidManifest.xml:41:17-91
63-->[androidx.profileinstaller:profileinstaller:1.4.0] AndroidManifest.xml:41:25-88
64            </intent-filter>
65            <intent-filter>
65-->[androidx.profileinstaller:profileinstaller:1.4.0] AndroidManifest.xml:43:13-45:29
66                <action android:name="androidx.profileinstaller.action.SKIP_FILE" />
66-->[androidx.profileinstaller:profileinstaller:1.4.0] AndroidManifest.xml:44:17-85
66-->[androidx.profileinstaller:profileinstaller:1.4.0] AndroidManifest.xml:44:25-82
67            </intent-filter>
68            <intent-filter>
68-->[androidx.profileinstaller:profileinstaller:1.4.0] AndroidManifest.xml:46:13-48:29
69                <action android:name="androidx.profileinstaller.action.SAVE_PROFILE" />
69-->[androidx.profileinstaller:profileinstaller:1.4.0] AndroidManifest.xml:47:17-88
69-->[androidx.profileinstaller:profileinstaller:1.4.0] AndroidManifest.xml:47:25-85
70            </intent-filter>
71            <intent-filter>
71-->[androidx.profileinstaller:profileinstaller:1.4.0] AndroidManifest.xml:49:13-51:29
72                <action android:name="androidx.profileinstaller.action.BENCHMARK_OPERATION" />
72-->[androidx.profileinstaller:profileinstaller:1.4.0] AndroidManifest.xml:50:17-95
72-->[androidx.profileinstaller:profileinstaller:1.4.0] AndroidManifest.xml:50:25-92
73            </intent-filter>
74        </receiver>
75    </application>
76
77</manifest>